# vsim top -l code.log -c -do "run -all;quit;" 
# Start time: 05:39:44 on Sep 26,2022
# ** Note: (vsim-3813) Design is being optimized due to module recompilation...
# ** Warning: top.sv(12): (vopt-2241) Connection width does not match width of port 'counter'. The port definition is at: code.sv(2).
# //  Questa Sim
# //  Version 10.6c linux Jul 25 2017
# //
# //  Copyright 1991-2017 Mentor Graphics Corporation
# //  All Rights Reserved.
# //
# //  QuestaSim and its associated documentation contain trade
# //  secrets and commercial or financial information that are the property of
# //  Mentor Graphics Corporation and are privileged, confidential,
# //  and exempt from disclosure under the Freedom of Information Act,
# //  5 U.S.C. Section 552. Furthermore, this information
# //  is prohibited from disclosure under the Trade Secrets Act,
# //  18 U.S.C. Section 1905.
# //
# Loading sv_std.std
# Loading work.top(fast)
# run -all
# 
#  // Parameterised interface example
# 
# count=0
# 
# count=1
# 
# count=2
# 
# count=3
# 
# count=0
# 
# count=1
# 
# count=2
# 
# count=3
# 
# count=0
# 
# count=1
# 
# count=2
# 
# count=3
# 
# count=0
# 
# count=1
# 
# count=2
# 
# count=3
# 
# count=0
# 
# count=1
# 
# count=2
# 
# count=3
# 
# count=0
# 
# count=1
# 
# count=2
# 
# count=3
# 
# count=0
# 
# count=1
# 
# count=2
# 
# count=3
# 
# count=0
# 
# count=1
# 
# count=2
# ** Note: $finish    : test.sv(14)
#    Time: 320 ns  Iteration: 0  Instance: /top/u2
# End time: 05:39:44 on Sep 26,2022, Elapsed time: 0:00:00
# Errors: 0, Warnings: 1
