# vsim top -l top.log -c -do "run -all; exit;" 
# Start time: 02:33:31 on Sep 06,2022
# ** Note: (vsim-3813) Design is being optimized due to module recompilation...
# //  Questa Sim
# //  Version 10.6c linux Jul 25 2017
# //
# //  Copyright 1991-2017 Mentor Graphics Corporation
# //  All Rights Reserved.
# //
# //  QuestaSim and its associated documentation contain trade
# //  secrets and commercial or financial information that are the property of
# //  Mentor Graphics Corporation and are privileged, confidential,
# //  and exempt from disclosure under the Freedom of Information Act,
# //  5 U.S.C. Section 552. Furthermore, this information
# //  is prohibited from disclosure under the Trade Secrets Act,
# //  18 U.S.C. Section 1905.
# //
# Loading sv_std.std
# Loading work.top_sv_unit(fast)
# Loading work.top(fast)
# Loading work.intf(fast)
# run -all
# 
# //INPUT:
# input a=6, input b=4
# 
# //OUTPUT:
# Multiplication of a and b,
#  output y=24
# 	
# 
# //INPUT:
#  input a=5,input  b=5
# 
# //OUTPUT:
#  Multiplication of a and b, 
#  output y=25
# 	
# 
# ** Note: $finish    : environment.sv(31)
#    Time: 12 ns  Iteration: 0  Instance: /top/t1
# End time: 02:33:32 on Sep 06,2022, Elapsed time: 0:00:01
# Errors: 0, Warnings: 0
