# vsim top -l top.log -c -do "log -r /*; add wave -r /*; run -all;" -wlf waveform.wlf 
# Start time: 17:32:11 on Sep 13,2022
# ** Note: (vsim-8009) Loading existing optimized design _opt
# //  Questa Sim
# //  Version 10.6c linux Jul 25 2017
# //
# //  Copyright 1991-2017 Mentor Graphics Corporation
# //  All Rights Reserved.
# //
# //  QuestaSim and its associated documentation contain trade
# //  secrets and commercial or financial information that are the property of
# //  Mentor Graphics Corporation and are privileged, confidential,
# //  and exempt from disclosure under the Freedom of Information Act,
# //  5 U.S.C. Section 552. Furthermore, this information
# //  is prohibited from disclosure under the Trade Secrets Act,
# //  18 U.S.C. Section 1905.
# //
# Loading sv_std.std
# Loading work.top(fast)
# Loading work.d_flipflop(fast)
# log -r /*
#  add wave -r /*
#  run -all
# [5]d:x
# [5]q:x
# [15]d:0
# [15]q:0
# [25]d:1
# [25]q:1
# [35]d:1
# [35]q:1
# [45]d:1
# [45]q:1
# [55]d:1
# [55]q:1
# [65]d:1
# [65]q:1
# [75]d:1
# [75]q:1
# [85]d:0
# [85]q:0
# [95]d:1
# [95]q:1
# ** Note: $finish    : testbench.sv(20)
#    Time: 95 ns  Iteration: 2  Instance: /top
# End time: 17:32:12 on Sep 13,2022, Elapsed time: 0:00:01
# Errors: 0, Warnings: 0
